#
# There is insufficient memory for the Java Runtime Environment to continue.
# Native memory allocation (mmap) failed to map 32505856 bytes for Failed to commit area from 0x000000008c000000 to 0x000000008df00000 of length 32505856.
# Possible reasons:
#   The system is out of physical RAM or swap space
#   The process is running with CompressedOops enabled, and the Java Heap may be blocking the growth of the native heap
# Possible solutions:
#   Reduce memory load on the system
#   Increase physical memory or swap space
#   Check if swap backing store is full
#   Decrease Java heap size (-Xmx/-Xms)
#   Decrease number of Java threads
#   Decrease Java thread stack sizes (-Xss)
#   Set larger code cache with -XX:ReservedCodeCacheSize=
#   JVM is running with Unscaled Compressed Oops mode in which the Java heap is
#     placed in the first 4GB address space. The Java Heap base address is the
#     maximum limit for the native heap growth. Please use -XX:HeapBaseMinAddress
#     to set the Java Heap base and to place the Java Heap above 4GB virtual address.
# This output file may be truncated or incomplete.
#
#  Out of Memory Error (./src/hotspot/os/windows/os_windows.cpp:3387), pid=8828, tid=25544
#
# JRE version: OpenJDK Runtime Environment Corretto-11.0.14.9.1 (11.0.14+9) (build 11.0.14+9-LTS)
# Java VM: OpenJDK 64-Bit Server VM Corretto-11.0.14.9.1 (11.0.14+9-LTS, mixed mode, tiered, compressed oops, g1 gc, windows-amd64)
# No core dump will be written. Minidumps are not enabled by default on client versions of Windows
#

---------------  S U M M A R Y ------------

Command Line: -XX:TieredStopAtLevel=1 -Xverify:none -Dspring.output.ansi.enabled=always -javaagent:C:\Program Files\JetBrains\IntelliJ IDEA 2021.1.3\lib\idea_rt.jar=64717:C:\Program Files\JetBrains\IntelliJ IDEA 2021.1.3\bin -Dcom.sun.management.jmxremote -Dspring.jmx.enabled=true -Dspring.liveBeansView.mbeanDomain -Dspring.application.admin.enabled=true -Dfile.encoding=UTF-8 it.revo.dr_kodirov.DrKodirovApplication

Host: Intel(R) Core(TM) i5-10210U CPU @ 1.60GHz, 8 cores, 7G,  Windows 11 , 64 bit Build 22000 (10.0.22000.708)
Time: Sun Sep 11 20:15:33 2022 Russia TZ 2 Standard Time elapsed time: 5.937723 seconds (0d 0h 0m 5s)

---------------  T H R E A D  ---------------

Current thread (0x0000020ffbee4000):  VMThread "VM Thread" [stack: 0x000000eb68c00000,0x000000eb68d00000] [id=25544]

Stack: [0x000000eb68c00000,0x000000eb68d00000]
[error occurred during error reporting (printing stack bounds), id 0xc0000005, EXCEPTION_ACCESS_VIOLATION (0xc0000005) at pc=0x0000020fe56f112d]

Native frames: (J=compiled Java code, j=interpreted, Vv=VM code, C=native code)
V  [jvm.dll+0x61e62a]
V  [jvm.dll+0x7ab569]
V  [jvm.dll+0x7acc58]
V  [jvm.dll+0x7ad295]
V  [jvm.dll+0x7ad24b]
V  [jvm.dll+0x61d9b7]
V  [jvm.dll+0x61e0c8]
C  [ntdll.dll+0xa8fcf]
C  [ntdll.dll+0x35e9a]
C  [ntdll.dll+0xa7fde]
C  0x0000020fe56f112d

VM_Operation (0x000000eb69bf4450): G1CollectForAllocation, mode: safepoint, requested by thread 0x0000020ffd42d800


---------------  P R O C E S S  ---------------

Threads class SMR info:
_java_thread_list=0x0000020ffe504ec0, length=20, elements={
0x0000020fdcfc2000, 0x0000020ffbf09800, 0x0000020ffbf12000, 0x0000020ffc87a000,
0x0000020ffc87d800, 0x0000020ffc880800, 0x0000020ffbf29000, 0x0000020ffc8a3800,
0x0000020ffbe9f000, 0x0000020ffcdf7800, 0x0000020ffcfc7800, 0x0000020ffcfa8000,
0x0000020ffd42d800, 0x0000020ffe42d000, 0x0000020ffe616800, 0x0000020f80536800,
0x0000020f8048b800, 0x0000020f80bc6000, 0x0000020f80c3a000, 0x0000020f80c3f000
}

Java Threads: ( => current thread )
  0x0000020fdcfc2000 JavaThread "main" [_thread_blocked, id=12040, stack(0x000000eb68600000,0x000000eb68700000)]
  0x0000020ffbf09800 JavaThread "Reference Handler" daemon [_thread_blocked, id=23768, stack(0x000000eb68d00000,0x000000eb68e00000)]
  0x0000020ffbf12000 JavaThread "Finalizer" daemon [_thread_blocked, id=5244, stack(0x000000eb68e00000,0x000000eb68f00000)]
  0x0000020ffc87a000 JavaThread "Signal Dispatcher" daemon [_thread_blocked, id=17788, stack(0x000000eb68f00000,0x000000eb69000000)]
  0x0000020ffc87d800 JavaThread "Attach Listener" daemon [_thread_blocked, id=19444, stack(0x000000eb69000000,0x000000eb69100000)]
  0x0000020ffc880800 JavaThread "Service Thread" daemon [_thread_blocked, id=3168, stack(0x000000eb69100000,0x000000eb69200000)]
  0x0000020ffbf29000 JavaThread "C1 CompilerThread0" daemon [_thread_blocked, id=15204, stack(0x000000eb69200000,0x000000eb69300000)]
  0x0000020ffc8a3800 JavaThread "Sweeper thread" daemon [_thread_blocked, id=27208, stack(0x000000eb69300000,0x000000eb69400000)]
  0x0000020ffbe9f000 JavaThread "Common-Cleaner" daemon [_thread_blocked, id=9424, stack(0x000000eb69400000,0x000000eb69500000)]
  0x0000020ffcdf7800 JavaThread "Monitor Ctrl-Break" daemon [_thread_in_native, id=26328, stack(0x000000eb69500000,0x000000eb69600000)]
  0x0000020ffcfc7800 JavaThread "RMI TCP Accept-0" daemon [_thread_in_native, id=3256, stack(0x000000eb69600000,0x000000eb69700000)]
  0x0000020ffcfa8000 JavaThread "Thread-0" [_thread_blocked, id=27412, stack(0x000000eb69a00000,0x000000eb69b00000)]
  0x0000020ffd42d800 JavaThread "restartedMain" [_thread_blocked, id=23780, stack(0x000000eb69b00000,0x000000eb69c00000)]
  0x0000020ffe42d000 JavaThread "RMI TCP Connection(1)-192.168.1.108" daemon [_thread_in_native, id=14644, stack(0x000000eb6a300000,0x000000eb6a400000)]
  0x0000020ffe616800 JavaThread "RMI Scheduler(0)" daemon [_thread_blocked, id=17908, stack(0x000000eb69f00000,0x000000eb6a000000)]
  0x0000020f80536800 JavaThread "HikariPool-1 housekeeper" daemon [_thread_blocked, id=21640, stack(0x000000eb6a500000,0x000000eb6a600000)]
  0x0000020f8048b800 JavaThread "HikariPool-1 connection adder" daemon [_thread_blocked, id=25964, stack(0x000000eb6a600000,0x000000eb6a700000)]
  0x0000020f80bc6000 JavaThread "Catalina-utility-1" [_thread_blocked, id=23760, stack(0x000000eb6a700000,0x000000eb6a800000)]
  0x0000020f80c3a000 JavaThread "Catalina-utility-2" [_thread_blocked, id=25752, stack(0x000000eb6a800000,0x000000eb6a900000)]
  0x0000020f80c3f000 JavaThread "container-0" [_thread_blocked, id=25672, stack(0x000000eb6a900000,0x000000eb6aa00000)]

Other Threads:
=>0x0000020ffbee4000 VMThread "VM Thread" [stack: 0x000000eb68c00000,0x000000eb68d00000] [id=25544]
  0x0000020ffd006800 WatcherThread [stack: 0x000000eb69700000,0x000000eb69800000] [id=7620]
  0x0000020fdcfda800 GCTaskThread "GC Thread#0" [stack: 0x000000eb68700000,0x000000eb68800000] [id=17036]
  0x0000020ffd3d2800 GCTaskThread "GC Thread#1" [stack: 0x000000eb69800000,0x000000eb69900000] [id=11796]
  0x0000020ffd1c5000 GCTaskThread "GC Thread#2" [stack: 0x000000eb69900000,0x000000eb69a00000] [id=16692]
  0x0000020ffdf99000 GCTaskThread "GC Thread#3" [stack: 0x000000eb69c00000,0x000000eb69d00000] [id=12132]
  0x0000020ffdf23000 GCTaskThread "GC Thread#4" [stack: 0x000000eb69d00000,0x000000eb69e00000] [id=7052]
  0x0000020ffdfb6000 GCTaskThread "GC Thread#5" [stack: 0x000000eb69e00000,0x000000eb69f00000] [id=6100]
  0x0000020ffe097000 GCTaskThread "GC Thread#6" [stack: 0x000000eb6a000000,0x000000eb6a100000] [id=16724]
  0x0000020ffe097800 GCTaskThread "GC Thread#7" [stack: 0x000000eb6a100000,0x000000eb6a200000] [id=26908]
  0x0000020fdd00a000 ConcurrentGCThread "G1 Main Marker" [stack: 0x000000eb68800000,0x000000eb68900000] [id=12304]
  0x0000020fdd00c000 ConcurrentGCThread "G1 Conc#0" [stack: 0x000000eb68900000,0x000000eb68a00000] [id=19832]
  0x0000020ffe062800 ConcurrentGCThread "G1 Conc#1" [stack: 0x000000eb6a200000,0x000000eb6a300000] [id=8664]
  0x0000020fdd08d800 ConcurrentGCThread "G1 Refine#0" [stack: 0x000000eb68a00000,0x000000eb68b00000] [id=26044]
  0x0000020fdd08e800 ConcurrentGCThread "G1 Young RemSet Sampling" [stack: 0x000000eb68b00000,0x000000eb68c00000] [id=1672]

Threads with active compile tasks:

VM state:at safepoint (normal execution)

VM Mutex/Monitor currently owned by a thread:  ([mutex/lock_event])
[0x0000020fdcfbef10] Threads_lock - owner thread: 0x0000020ffbee4000
[0x0000020fdcfbd9b0] Heap_lock - owner thread: 0x0000020ffd42d800

Heap address: 0x0000000082800000, size: 2008 MB, Compressed Oops mode: 32-bit
Narrow klass base: 0x0000000000000000, Narrow klass shift: 3
Compressed class space size: 1073741824 Address: 0x0000000100000000

Heap:
 garbage-first heap   total 187392K, used 30894K [0x0000000082800000, 0x0000000100000000)
  region size 1024K, 8 young (8192K), 8 survivors (8192K)
 Metaspace       used 60154K, capacity 62251K, committed 62464K, reserved 1103872K
  class space    used 8034K, capacity 8873K, committed 8960K, reserved 1048576K
Heap Regions: E=young(eden), S=young(survivor), O=old, HS=humongous(starts), HC=humongous(continues), CS=collection set, F=free, A=archive, TAMS=top-at-mark-start (previous, next)
|   0|0x0000000082800000, 0x0000000082900000, 0x0000000082900000|100%|HS|  |TAMS 0x0000000082900000, 0x0000000082800000| Complete 
|   1|0x0000000082900000, 0x0000000082a00000, 0x0000000082a00000|100%| O|  |TAMS 0x0000000082a00000, 0x0000000082900000| Untracked 
|   2|0x0000000082a00000, 0x0000000082b00000, 0x0000000082b00000|100%| O|  |TAMS 0x0000000082b00000, 0x0000000082a00000| Untracked 
|   3|0x0000000082b00000, 0x0000000082c00000, 0x0000000082c00000|100%| O|  |TAMS 0x0000000082c00000, 0x0000000082b00000| Untracked 
|   4|0x0000000082c00000, 0x0000000082d00000, 0x0000000082d00000|100%| O|  |TAMS 0x0000000082d00000, 0x0000000082c00000| Untracked 
|   5|0x0000000082d00000, 0x0000000082e00000, 0x0000000082e00000|100%| O|  |TAMS 0x0000000082e00000, 0x0000000082d00000| Untracked 
|   6|0x0000000082e00000, 0x0000000082f00000, 0x0000000082f00000|100%| O|  |TAMS 0x0000000082f00000, 0x0000000082e00000| Untracked 
|   7|0x0000000082f00000, 0x0000000083000000, 0x0000000083000000|100%| O|  |TAMS 0x0000000083000000, 0x0000000082f00000| Untracked 
|   8|0x0000000083000000, 0x0000000083100000, 0x0000000083100000|100%| O|  |TAMS 0x0000000083100000, 0x0000000083000000| Untracked 
|   9|0x0000000083100000, 0x0000000083200000, 0x0000000083200000|100%| O|  |TAMS 0x0000000083200000, 0x0000000083100000| Untracked 
|  10|0x0000000083200000, 0x0000000083300000, 0x0000000083300000|100%| O|  |TAMS 0x0000000083300000, 0x0000000083200000| Untracked 
|  11|0x0000000083300000, 0x0000000083400000, 0x0000000083400000|100%| O|  |TAMS 0x0000000083400000, 0x0000000083300000| Untracked 
|  12|0x0000000083400000, 0x0000000083500000, 0x0000000083500000|100%| O|  |TAMS 0x0000000083500000, 0x0000000083400000| Untracked 
|  13|0x0000000083500000, 0x0000000083600000, 0x0000000083600000|100%| O|  |TAMS 0x0000000083600000, 0x0000000083500000| Untracked 
|  14|0x0000000083600000, 0x0000000083700000, 0x0000000083700000|100%| O|  |TAMS 0x0000000083700000, 0x0000000083600000| Untracked 
|  15|0x0000000083700000, 0x0000000083800000, 0x0000000083800000|100%| O|  |TAMS 0x0000000083800000, 0x0000000083700000| Untracked 
|  16|0x0000000083800000, 0x0000000083900000, 0x0000000083900000|100%| O|  |TAMS 0x0000000083900000, 0x0000000083800000| Untracked 
|  17|0x0000000083900000, 0x0000000083a00000, 0x0000000083a00000|100%| O|  |TAMS 0x0000000083a00000, 0x0000000083900000| Untracked 
|  18|0x0000000083a00000, 0x0000000083b00000, 0x0000000083b00000|100%| O|  |TAMS 0x0000000083b00000, 0x0000000083a00000| Untracked 
|  19|0x0000000083b00000, 0x0000000083c00000, 0x0000000083c00000|100%| O|  |TAMS 0x0000000083ba7e00, 0x0000000083b00000| Untracked 
|  20|0x0000000083c00000, 0x0000000083d00000, 0x0000000083d00000|100%| O|  |TAMS 0x0000000083c00000, 0x0000000083c00000| Untracked 
|  21|0x0000000083d00000, 0x0000000083e00000, 0x0000000083e00000|100%| O|  |TAMS 0x0000000083d00000, 0x0000000083d00000| Untracked 
|  22|0x0000000083e00000, 0x0000000083efee00, 0x0000000083f00000| 99%| O|  |TAMS 0x0000000083e00000, 0x0000000083e00000| Untracked 
|  23|0x0000000083f00000, 0x0000000083f00000, 0x0000000084000000|  0%| F|  |TAMS 0x0000000083f00000, 0x0000000083f00000| Untracked 
|  24|0x0000000084000000, 0x0000000084000000, 0x0000000084100000|  0%| F|  |TAMS 0x0000000084000000, 0x0000000084000000| Untracked 
|  25|0x0000000084100000, 0x0000000084100000, 0x0000000084200000|  0%| F|  |TAMS 0x0000000084100000, 0x0000000084100000| Untracked 
|  26|0x0000000084200000, 0x0000000084200000, 0x0000000084300000|  0%| F|  |TAMS 0x0000000084200000, 0x0000000084200000| Untracked 
|  27|0x0000000084300000, 0x0000000084300000, 0x0000000084400000|  0%| F|  |TAMS 0x0000000084300000, 0x0000000084300000| Untracked 
|  28|0x0000000084400000, 0x0000000084400000, 0x0000000084500000|  0%| F|  |TAMS 0x0000000084400000, 0x0000000084400000| Untracked 
|  29|0x0000000084500000, 0x0000000084500000, 0x0000000084600000|  0%| F|  |TAMS 0x0000000084500000, 0x0000000084500000| Untracked 
|  30|0x0000000084600000, 0x0000000084600000, 0x0000000084700000|  0%| F|  |TAMS 0x0000000084600000, 0x0000000084600000| Untracked 
|  31|0x0000000084700000, 0x0000000084700000, 0x0000000084800000|  0%| F|  |TAMS 0x0000000084700000, 0x0000000084700000| Untracked 
|  32|0x0000000084800000, 0x0000000084800000, 0x0000000084900000|  0%| F|  |TAMS 0x0000000084800000, 0x0000000084800000| Untracked 
|  33|0x0000000084900000, 0x0000000084900000, 0x0000000084a00000|  0%| F|  |TAMS 0x0000000084900000, 0x0000000084900000| Untracked 
|  34|0x0000000084a00000, 0x0000000084a00000, 0x0000000084b00000|  0%| F|  |TAMS 0x0000000084a00000, 0x0000000084a00000| Untracked 
|  35|0x0000000084b00000, 0x0000000084b00000, 0x0000000084c00000|  0%| F|  |TAMS 0x0000000084b00000, 0x0000000084b00000| Untracked 
|  36|0x0000000084c00000, 0x0000000084c00000, 0x0000000084d00000|  0%| F|  |TAMS 0x0000000084c00000, 0x0000000084c00000| Untracked 
|  37|0x0000000084d00000, 0x0000000084d00000, 0x0000000084e00000|  0%| F|  |TAMS 0x0000000084d00000, 0x0000000084d00000| Untracked 
|  38|0x0000000084e00000, 0x0000000084e00000, 0x0000000084f00000|  0%| F|  |TAMS 0x0000000084e00000, 0x0000000084e00000| Untracked 
|  39|0x0000000084f00000, 0x0000000084f00000, 0x0000000085000000|  0%| F|  |TAMS 0x0000000084f00000, 0x0000000084f00000| Untracked 
|  40|0x0000000085000000, 0x0000000085000000, 0x0000000085100000|  0%| F|  |TAMS 0x0000000085000000, 0x0000000085000000| Untracked 
|  41|0x0000000085100000, 0x0000000085100000, 0x0000000085200000|  0%| F|  |TAMS 0x0000000085100000, 0x0000000085100000| Untracked 
|  42|0x0000000085200000, 0x0000000085200000, 0x0000000085300000|  0%| F|  |TAMS 0x0000000085200000, 0x0000000085200000| Untracked 
|  43|0x0000000085300000, 0x0000000085300000, 0x0000000085400000|  0%| F|  |TAMS 0x0000000085300000, 0x0000000085300000| Untracked 
|  44|0x0000000085400000, 0x0000000085400000, 0x0000000085500000|  0%| F|  |TAMS 0x0000000085400000, 0x0000000085400000| Untracked 
|  45|0x0000000085500000, 0x0000000085500000, 0x0000000085600000|  0%| F|  |TAMS 0x0000000085500000, 0x0000000085500000| Untracked 
|  46|0x0000000085600000, 0x0000000085600000, 0x0000000085700000|  0%| F|  |TAMS 0x0000000085600000, 0x0000000085600000| Untracked 
|  47|0x0000000085700000, 0x0000000085700000, 0x0000000085800000|  0%| F|  |TAMS 0x0000000085700000, 0x0000000085700000| Untracked 
|  48|0x0000000085800000, 0x0000000085800000, 0x0000000085900000|  0%| F|  |TAMS 0x0000000085800000, 0x0000000085800000| Untracked 
|  49|0x0000000085900000, 0x0000000085900000, 0x0000000085a00000|  0%| F|  |TAMS 0x0000000085900000, 0x0000000085900000| Untracked 
|  50|0x0000000085a00000, 0x0000000085a00000, 0x0000000085b00000|  0%| F|  |TAMS 0x0000000085a00000, 0x0000000085a00000| Untracked 
|  51|0x0000000085b00000, 0x0000000085b00000, 0x0000000085c00000|  0%| F|  |TAMS 0x0000000085b00000, 0x0000000085b00000| Untracked 
|  52|0x0000000085c00000, 0x0000000085c00000, 0x0000000085d00000|  0%| F|  |TAMS 0x0000000085c00000, 0x0000000085c00000| Untracked 
|  53|0x0000000085d00000, 0x0000000085d00000, 0x0000000085e00000|  0%| F|  |TAMS 0x0000000085d00000, 0x0000000085d00000| Untracked 
|  54|0x0000000085e00000, 0x0000000085e00000, 0x0000000085f00000|  0%| F|  |TAMS 0x0000000085e00000, 0x0000000085e00000| Untracked 
|  55|0x0000000085f00000, 0x0000000085f00000, 0x0000000086000000|  0%| F|  |TAMS 0x0000000085f00000, 0x0000000085f00000| Untracked 
|  56|0x0000000086000000, 0x0000000086000000, 0x0000000086100000|  0%| F|  |TAMS 0x0000000086000000, 0x0000000086000000| Untracked 
|  57|0x0000000086100000, 0x000000008612ca40, 0x0000000086200000| 17%| S|CS|TAMS 0x0000000086100000, 0x0000000086100000| Complete 
|  58|0x0000000086200000, 0x0000000086300000, 0x0000000086300000|100%| S|CS|TAMS 0x0000000086200000, 0x0000000086200000| Complete 
|  59|0x0000000086300000, 0x0000000086400000, 0x0000000086400000|100%| S|CS|TAMS 0x0000000086300000, 0x0000000086300000| Complete 
|  60|0x0000000086400000, 0x0000000086500000, 0x0000000086500000|100%| S|CS|TAMS 0x0000000086400000, 0x0000000086400000| Complete 
|  61|0x0000000086500000, 0x0000000086600000, 0x0000000086600000|100%| S|CS|TAMS 0x0000000086500000, 0x0000000086500000| Complete 
|  62|0x0000000086600000, 0x0000000086700000, 0x0000000086700000|100%| S|CS|TAMS 0x0000000086600000, 0x0000000086600000| Complete 
|  63|0x0000000086700000, 0x0000000086700000, 0x0000000086800000|  0%| F|  |TAMS 0x0000000086700000, 0x0000000086700000| Untracked 
|  64|0x0000000086800000, 0x0000000086800000, 0x0000000086900000|  0%| F|  |TAMS 0x0000000086800000, 0x0000000086800000| Untracked 
|  65|0x0000000086900000, 0x0000000086900000, 0x0000000086a00000|  0%| F|  |TAMS 0x0000000086900000, 0x0000000086900000| Untracked 
|  66|0x0000000086a00000, 0x0000000086a00000, 0x0000000086b00000|  0%| F|  |TAMS 0x0000000086a00000, 0x0000000086a00000| Untracked 
|  67|0x0000000086b00000, 0x0000000086b00000, 0x0000000086c00000|  0%| F|  |TAMS 0x0000000086b00000, 0x0000000086b00000| Untracked 
|  68|0x0000000086c00000, 0x0000000086c00000, 0x0000000086d00000|  0%| F|  |TAMS 0x0000000086c00000, 0x0000000086c00000| Untracked 
|  69|0x0000000086d00000, 0x0000000086d00000, 0x0000000086e00000|  0%| F|  |TAMS 0x0000000086d00000, 0x0000000086d00000| Untracked 
|  70|0x0000000086e00000, 0x0000000086e00000, 0x0000000086f00000|  0%| F|  |TAMS 0x0000000086e00000, 0x0000000086e00000| Untracked 
|  71|0x0000000086f00000, 0x0000000087000000, 0x0000000087000000|100%| S|CS|TAMS 0x0000000086f00000, 0x0000000086f00000| Complete 
|  72|0x0000000087000000, 0x0000000087100000, 0x0000000087100000|100%| S|CS|TAMS 0x0000000087000000, 0x0000000087000000| Complete 
|  73|0x0000000087100000, 0x0000000087100000, 0x0000000087200000|  0%| F|  |TAMS 0x0000000087100000, 0x0000000087100000| Untracked 
|  74|0x0000000087200000, 0x0000000087200000, 0x0000000087300000|  0%| F|  |TAMS 0x0000000087200000, 0x0000000087200000| Untracked 
|  75|0x0000000087300000, 0x0000000087300000, 0x0000000087400000|  0%| F|  |TAMS 0x0000000087300000, 0x0000000087300000| Untracked 
|  76|0x0000000087400000, 0x0000000087400000, 0x0000000087500000|  0%| F|  |TAMS 0x0000000087400000, 0x0000000087400000| Untracked 
|  77|0x0000000087500000, 0x0000000087500000, 0x0000000087600000|  0%| F|  |TAMS 0x0000000087500000, 0x0000000087500000| Untracked 
|  78|0x0000000087600000, 0x0000000087600000, 0x0000000087700000|  0%| F|  |TAMS 0x0000000087600000, 0x0000000087600000| Untracked 
|  79|0x0000000087700000, 0x0000000087700000, 0x0000000087800000|  0%| F|  |TAMS 0x0000000087700000, 0x0000000087700000| Untracked 
|  80|0x0000000087800000, 0x0000000087800000, 0x0000000087900000|  0%| F|  |TAMS 0x0000000087800000, 0x0000000087800000| Untracked 
|  81|0x0000000087900000, 0x0000000087900000, 0x0000000087a00000|  0%| F|  |TAMS 0x0000000087900000, 0x0000000087900000| Untracked 
|  82|0x0000000087a00000, 0x0000000087a00000, 0x0000000087b00000|  0%| F|  |TAMS 0x0000000087a00000, 0x0000000087a00000| Untracked 
|  83|0x0000000087b00000, 0x0000000087b00000, 0x0000000087c00000|  0%| F|  |TAMS 0x0000000087b00000, 0x0000000087b00000| Untracked 
|  84|0x0000000087c00000, 0x0000000087c00000, 0x0000000087d00000|  0%| F|  |TAMS 0x0000000087c00000, 0x0000000087c00000| Untracked 
|  85|0x0000000087d00000, 0x0000000087d00000, 0x0000000087e00000|  0%| F|  |TAMS 0x0000000087d00000, 0x0000000087d00000| Untracked 
|  86|0x0000000087e00000, 0x0000000087e00000, 0x0000000087f00000|  0%| F|  |TAMS 0x0000000087e00000, 0x0000000087e00000| Untracked 
|  87|0x0000000087f00000, 0x0000000087f00000, 0x0000000088000000|  0%| F|  |TAMS 0x0000000087f00000, 0x0000000087f00000| Untracked 
|  88|0x0000000088000000, 0x0000000088000000, 0x0000000088100000|  0%| F|  |TAMS 0x0000000088000000, 0x0000000088000000| Untracked 
|  89|0x0000000088100000, 0x0000000088100000, 0x0000000088200000|  0%| F|  |TAMS 0x0000000088100000, 0x0000000088100000| Untracked 
|  90|0x0000000088200000, 0x0000000088200000, 0x0000000088300000|  0%| F|  |TAMS 0x0000000088200000, 0x0000000088200000| Untracked 
|  91|0x0000000088300000, 0x0000000088300000, 0x0000000088400000|  0%| F|  |TAMS 0x0000000088300000, 0x0000000088300000| Untracked 
|  92|0x0000000088400000, 0x0000000088400000, 0x0000000088500000|  0%| F|  |TAMS 0x0000000088400000, 0x0000000088400000| Untracked 
|  93|0x0000000088500000, 0x0000000088500000, 0x0000000088600000|  0%| F|  |TAMS 0x0000000088500000, 0x0000000088500000| Untracked 
|  94|0x0000000088600000, 0x0000000088600000, 0x0000000088700000|  0%| F|  |TAMS 0x0000000088600000, 0x0000000088600000| Untracked 
|  95|0x0000000088700000, 0x0000000088700000, 0x0000000088800000|  0%| F|  |TAMS 0x0000000088700000, 0x0000000088700000| Untracked 
|  96|0x0000000088800000, 0x0000000088800000, 0x0000000088900000|  0%| F|  |TAMS 0x0000000088800000, 0x0000000088800000| Untracked 
|  97|0x0000000088900000, 0x0000000088900000, 0x0000000088a00000|  0%| F|  |TAMS 0x0000000088900000, 0x0000000088900000| Untracked 
|  98|0x0000000088a00000, 0x0000000088a00000, 0x0000000088b00000|  0%| F|  |TAMS 0x0000000088a00000, 0x0000000088a00000| Untracked 
|  99|0x0000000088b00000, 0x0000000088b00000, 0x0000000088c00000|  0%| F|  |TAMS 0x0000000088b00000, 0x0000000088b00000| Untracked 
| 100|0x0000000088c00000, 0x0000000088c00000, 0x0000000088d00000|  0%| F|  |TAMS 0x0000000088c00000, 0x0000000088c00000| Untracked 
| 101|0x0000000088d00000, 0x0000000088d00000, 0x0000000088e00000|  0%| F|  |TAMS 0x0000000088d00000, 0x0000000088d00000| Untracked 
| 102|0x0000000088e00000, 0x0000000088e00000, 0x0000000088f00000|  0%| F|  |TAMS 0x0000000088e00000, 0x0000000088e00000| Untracked 
| 103|0x0000000088f00000, 0x0000000088f00000, 0x0000000089000000|  0%| F|  |TAMS 0x0000000088f00000, 0x0000000088f00000| Untracked 
| 104|0x0000000089000000, 0x0000000089000000, 0x0000000089100000|  0%| F|  |TAMS 0x0000000089000000, 0x0000000089000000| Untracked 
| 105|0x0000000089100000, 0x0000000089100000, 0x0000000089200000|  0%| F|  |TAMS 0x0000000089100000, 0x0000000089100000| Untracked 
| 106|0x0000000089200000, 0x0000000089200000, 0x0000000089300000|  0%| F|  |TAMS 0x0000000089200000, 0x0000000089200000| Untracked 
| 107|0x0000000089300000, 0x0000000089300000, 0x0000000089400000|  0%| F|  |TAMS 0x0000000089300000, 0x0000000089300000| Untracked 
| 108|0x0000000089400000, 0x0000000089400000, 0x0000000089500000|  0%| F|  |TAMS 0x0000000089400000, 0x0000000089400000| Untracked 
| 109|0x0000000089500000, 0x0000000089500000, 0x0000000089600000|  0%| F|  |TAMS 0x0000000089500000, 0x0000000089500000| Untracked 
| 110|0x0000000089600000, 0x0000000089600000, 0x0000000089700000|  0%| F|  |TAMS 0x0000000089600000, 0x0000000089600000| Untracked 
| 111|0x0000000089700000, 0x0000000089700000, 0x0000000089800000|  0%| F|  |TAMS 0x0000000089700000, 0x0000000089700000| Untracked 
| 112|0x0000000089800000, 0x0000000089800000, 0x0000000089900000|  0%| F|  |TAMS 0x0000000089800000, 0x0000000089800000| Untracked 
| 113|0x0000000089900000, 0x0000000089900000, 0x0000000089a00000|  0%| F|  |TAMS 0x0000000089900000, 0x0000000089900000| Untracked 
| 114|0x0000000089a00000, 0x0000000089a00000, 0x0000000089b00000|  0%| F|  |TAMS 0x0000000089a00000, 0x0000000089a00000| Untracked 
| 115|0x0000000089b00000, 0x0000000089b00000, 0x0000000089c00000|  0%| F|  |TAMS 0x0000000089b00000, 0x0000000089b00000| Untracked 
| 116|0x0000000089c00000, 0x0000000089c00000, 0x0000000089d00000|  0%| F|  |TAMS 0x0000000089c00000, 0x0000000089c00000| Untracked 
| 117|0x0000000089d00000, 0x0000000089d00000, 0x0000000089e00000|  0%| F|  |TAMS 0x0000000089d00000, 0x0000000089d00000| Untracked 
| 118|0x0000000089e00000, 0x0000000089e00000, 0x0000000089f00000|  0%| F|  |TAMS 0x0000000089e00000, 0x0000000089e00000| Untracked 
| 119|0x0000000089f00000, 0x0000000089f00000, 0x000000008a000000|  0%| F|  |TAMS 0x0000000089f00000, 0x0000000089f00000| Untracked 
| 120|0x000000008a000000, 0x000000008a000000, 0x000000008a100000|  0%| F|  |TAMS 0x000000008a000000, 0x000000008a000000| Untracked 
| 121|0x000000008a100000, 0x000000008a100000, 0x000000008a200000|  0%| F|  |TAMS 0x000000008a100000, 0x000000008a100000| Untracked 
| 122|0x000000008a200000, 0x000000008a200000, 0x000000008a300000|  0%| F|  |TAMS 0x000000008a200000, 0x000000008a200000| Untracked 
| 123|0x000000008a300000, 0x000000008a300000, 0x000000008a400000|  0%| F|  |TAMS 0x000000008a300000, 0x000000008a300000| Untracked 
| 124|0x000000008a400000, 0x000000008a400000, 0x000000008a500000|  0%| F|  |TAMS 0x000000008a400000, 0x000000008a400000| Untracked 
| 125|0x000000008a500000, 0x000000008a500000, 0x000000008a600000|  0%| F|  |TAMS 0x000000008a500000, 0x000000008a500000| Untracked 
| 126|0x000000008a600000, 0x000000008a600000, 0x000000008a700000|  0%| F|  |TAMS 0x000000008a600000, 0x000000008a600000| Untracked 
| 127|0x000000008a700000, 0x000000008a700000, 0x000000008a800000|  0%| F|  |TAMS 0x000000008a700000, 0x000000008a700000| Untracked 
| 128|0x000000008a800000, 0x000000008a800000, 0x000000008a900000|  0%| F|  |TAMS 0x000000008a800000, 0x000000008a800000| Untracked 
| 129|0x000000008a900000, 0x000000008a900000, 0x000000008aa00000|  0%| F|  |TAMS 0x000000008a900000, 0x000000008a900000| Untracked 
| 130|0x000000008aa00000, 0x000000008aa00000, 0x000000008ab00000|  0%| F|  |TAMS 0x000000008aa00000, 0x000000008aa00000| Untracked 
| 131|0x000000008ab00000, 0x000000008ab00000, 0x000000008ac00000|  0%| F|  |TAMS 0x000000008ab00000, 0x000000008ab00000| Untracked 
| 132|0x000000008ac00000, 0x000000008ac00000, 0x000000008ad00000|  0%| F|  |TAMS 0x000000008ac00000, 0x000000008ac00000| Untracked 
| 133|0x000000008ad00000, 0x000000008ad00000, 0x000000008ae00000|  0%| F|  |TAMS 0x000000008ad00000, 0x000000008ad00000| Untracked 
| 134|0x000000008ae00000, 0x000000008ae00000, 0x000000008af00000|  0%| F|  |TAMS 0x000000008ae00000, 0x000000008ae00000| Untracked 
| 135|0x000000008af00000, 0x000000008af00000, 0x000000008b000000|  0%| F|  |TAMS 0x000000008af00000, 0x000000008af00000| Untracked 
| 136|0x000000008b000000, 0x000000008b000000, 0x000000008b100000|  0%| F|  |TAMS 0x000000008b000000, 0x000000008b000000| Untracked 
| 137|0x000000008b100000, 0x000000008b100000, 0x000000008b200000|  0%| F|  |TAMS 0x000000008b100000, 0x000000008b100000| Untracked 
| 138|0x000000008b200000, 0x000000008b200000, 0x000000008b300000|  0%| F|  |TAMS 0x000000008b200000, 0x000000008b200000| Untracked 
| 139|0x000000008b300000, 0x000000008b300000, 0x000000008b400000|  0%| F|  |TAMS 0x000000008b300000, 0x000000008b300000| Untracked 
| 140|0x000000008b400000, 0x000000008b400000, 0x000000008b500000|  0%| F|  |TAMS 0x000000008b400000, 0x000000008b400000| Untracked 
| 141|0x000000008b500000, 0x000000008b500000, 0x000000008b600000|  0%| F|  |TAMS 0x000000008b500000, 0x000000008b500000| Untracked 
| 142|0x000000008b600000, 0x000000008b600000, 0x000000008b700000|  0%| F|  |TAMS 0x000000008b600000, 0x000000008b600000| Untracked 
| 143|0x000000008b700000, 0x000000008b700000, 0x000000008b800000|  0%| F|  |TAMS 0x000000008b700000, 0x000000008b700000| Untracked 
| 144|0x000000008b800000, 0x000000008b800000, 0x000000008b900000|  0%| F|  |TAMS 0x000000008b800000, 0x000000008b800000| Untracked 
| 145|0x000000008b900000, 0x000000008b900000, 0x000000008ba00000|  0%| F|  |TAMS 0x000000008b900000, 0x000000008b900000| Untracked 
| 146|0x000000008ba00000, 0x000000008ba00000, 0x000000008bb00000|  0%| F|  |TAMS 0x000000008ba00000, 0x000000008ba00000| Untracked 
| 147|0x000000008bb00000, 0x000000008bb00000, 0x000000008bc00000|  0%| F|  |TAMS 0x000000008bb00000, 0x000000008bb00000| Untracked 
| 148|0x000000008bc00000, 0x000000008bc00000, 0x000000008bd00000|  0%| F|  |TAMS 0x000000008bc00000, 0x000000008bc00000| Untracked 
| 149|0x000000008bd00000, 0x000000008bd00000, 0x000000008be00000|  0%| F|  |TAMS 0x000000008bd00000, 0x000000008bd00000| Untracked 
| 150|0x000000008be00000, 0x000000008be00000, 0x000000008bf00000|  0%| F|  |TAMS 0x000000008be00000, 0x000000008be00000| Untracked 
| 151|0x000000008bf00000, 0x000000008bf00000, 0x000000008c000000|  0%| F|  |TAMS 0x000000008bf00000, 0x000000008bf00000| Untracked 

Card table byte_map: [0x0000020ff4e10000,0x0000020ff5200000] _byte_map_base: 0x0000020ff49fc000

Marking Bits (Prev, Next): (CMBitMap*) 0x0000020fdd001290, (CMBitMap*) 0x0000020fdd001258
 Prev Bits: [0x0000020ff7550000, 0x0000020ff94b0000)
 Next Bits: [0x0000020ff55f0000, 0x0000020ff7550000)

Polling page: 0x0000020fdaf10000

Metaspace:

Usage:
  Non-class:     52.13 MB capacity,    50.90 MB ( 98%) used,     1.00 MB (  2%) free+waste,   231.88 KB ( <1%) overhead. 
      Class:      8.67 MB capacity,     7.85 MB ( 91%) used,   723.35 KB (  8%) free+waste,   114.88 KB (  1%) overhead. 
       Both:     60.79 MB capacity,    58.74 MB ( 97%) used,     1.71 MB (  3%) free+waste,   346.75 KB ( <1%) overhead. 

Virtual space:
  Non-class space:       54.00 MB reserved,      52.25 MB ( 97%) committed 
      Class space:        1.00 GB reserved,       8.75 MB ( <1%) committed 
             Both:        1.05 GB reserved,      61.00 MB (  6%) committed 

Chunk freelists:
   Non-Class:  2.00 KB
       Class:  23.00 KB
        Both:  25.00 KB

MaxMetaspaceSize: 17179869184.00 GB
CompressedClassSpaceSize: 1.00 GB
Initial GC threshold: 20.80 MB
Current GC threshold: 97.50 MB
CDS: off

CodeHeap 'non-profiled nmethods': size=238336Kb used=9002Kb max_used=9002Kb free=229333Kb
 bounds [0x0000020fe5e30000, 0x0000020fe6700000, 0x0000020ff46f0000]
CodeHeap 'non-nmethods': size=7424Kb used=1282Kb max_used=1282Kb free=6142Kb
 bounds [0x0000020fe56f0000, 0x0000020fe5960000, 0x0000020fe5e30000]
 total_blobs=6336 nmethods=5761 adapters=501
 compilation: enabled
              stopped_count=0, restarted_count=0
 full_count=0

Compilation events (20 events):
Event: 5.910 Thread 0x0000020ffbf29000 5752       1       org.springframework.core.io.ResourceEditor::<init> (26 bytes)
Event: 5.910 Thread 0x0000020ffbf29000 nmethod 5752 0x0000020fe66f3710 code [0x0000020fe66f38e0, 0x0000020fe66f3b88]
Event: 5.910 Thread 0x0000020ffbf29000 5753       1       org.springframework.beans.PropertyEditorRegistrySupport::getConversionService (5 bytes)
Event: 5.911 Thread 0x0000020ffbf29000 nmethod 5753 0x0000020fe66f3c90 code [0x0000020fe66f3e40, 0x0000020fe66f3ef8]
Event: 5.911 Thread 0x0000020ffbf29000 5754       1       org.springframework.core.convert.support.GenericConversionService::canConvert (29 bytes)
Event: 5.911 Thread 0x0000020ffbf29000 nmethod 5754 0x0000020fe66f3f90 code [0x0000020fe66f4160, 0x0000020fe66f4338]
Event: 5.912 Thread 0x0000020ffbf29000 5755       1       jdk.internal.reflect.Label::add (23 bytes)
Event: 5.912 Thread 0x0000020ffbf29000 nmethod 5755 0x0000020fe66f4490 code [0x0000020fe66f4640, 0x0000020fe66f47c8]
Event: 5.912 Thread 0x0000020ffbf29000 5756       1       jdk.internal.reflect.Label$PatchInfo::<init> (26 bytes)
Event: 5.912 Thread 0x0000020ffbf29000 nmethod 5756 0x0000020fe66f4890 code [0x0000020fe66f4a40, 0x0000020fe66f4b58]
Event: 5.912 Thread 0x0000020ffbf29000 5757       1       jdk.internal.reflect.ClassFileAssembler::emitShort (38 bytes)
Event: 5.912 Thread 0x0000020ffbf29000 nmethod 5757 0x0000020fe66f4c10 code [0x0000020fe66f4de0, 0x0000020fe66f5058]
Event: 5.912 Thread 0x0000020ffbf29000 5758       1       org.springframework.data.util.ParameterizedTypeInformation::flattenTypeVariable (34 bytes)
Event: 5.912 Thread 0x0000020ffbf29000 nmethod 5758 0x0000020fe66f5290 code [0x0000020fe66f5480, 0x0000020fe66f5728]
Event: 5.913 Thread 0x0000020ffbf29000 5759       1       java.util.regex.Pattern$BnM::optimize (179 bytes)
Event: 5.914 Thread 0x0000020ffbf29000 nmethod 5759 0x0000020fe66f5810 code [0x0000020fe66f5a20, 0x0000020fe66f6108]
Event: 5.914 Thread 0x0000020ffbf29000 5760       1       org.springframework.data.util.TypeDiscoverer::createInfo (158 bytes)
Event: 5.915 Thread 0x0000020ffbf29000 nmethod 5760 0x0000020fe66f6410 code [0x0000020fe66f6760, 0x0000020fe66f7b68]
Event: 5.915 Thread 0x0000020ffbf29000 5761   !   1       java.util.concurrent.ConcurrentHashMap::transfer (828 bytes)
Event: 5.917 Thread 0x0000020ffbf29000 nmethod 5761 0x0000020fe66f8290 code [0x0000020fe66f8540, 0x0000020fe66f9d28]

GC Heap History (19 events):
Event: 0.834 GC heap before
{Heap before GC invocations=0 (full 0):
 garbage-first heap   total 129024K, used 25600K [0x0000000082800000, 0x0000000100000000)
  region size 1024K, 24 young (24576K), 0 survivors (0K)
 Metaspace       used 14023K, capacity 14348K, committed 14464K, reserved 1062912K
  class space    used 1457K, capacity 1594K, committed 1664K, reserved 1048576K
}
Event: 0.840 GC heap after
{Heap after GC invocations=1 (full 0):
 garbage-first heap   total 129024K, used 7635K [0x0000000082800000, 0x0000000100000000)
  region size 1024K, 3 young (3072K), 3 survivors (3072K)
 Metaspace       used 14023K, capacity 14348K, committed 14464K, reserved 1062912K
  class space    used 1457K, capacity 1594K, committed 1664K, reserved 1048576K
}
Event: 1.097 GC heap before
{Heap before GC invocations=1 (full 0):
 garbage-first heap   total 129024K, used 27091K [0x0000000082800000, 0x0000000100000000)
  region size 1024K, 22 young (22528K), 3 survivors (3072K)
 Metaspace       used 16802K, capacity 17207K, committed 17408K, reserved 1064960K
  class space    used 1806K, capacity 1978K, committed 2048K, reserved 1048576K
}
Event: 1.101 GC heap after
{Heap after GC invocations=2 (full 0):
 garbage-first heap   total 129024K, used 8779K [0x0000000082800000, 0x0000000100000000)
  region size 1024K, 2 young (2048K), 2 survivors (2048K)
 Metaspace       used 16802K, capacity 17207K, committed 17408K, reserved 1064960K
  class space    used 1806K, capacity 1978K, committed 2048K, reserved 1048576K
}
Event: 1.322 GC heap before
{Heap before GC invocations=2 (full 0):
 garbage-first heap   total 129024K, used 33355K [0x0000000082800000, 0x0000000100000000)
  region size 1024K, 28 young (28672K), 2 survivors (2048K)
 Metaspace       used 20398K, capacity 20982K, committed 21248K, reserved 1069056K
  class space    used 2324K, capacity 2542K, committed 2560K, reserved 1048576K
}
Event: 1.325 GC heap after
{Heap after GC invocations=3 (full 0):
 garbage-first heap   total 129024K, used 9714K [0x0000000082800000, 0x0000000100000000)
  region size 1024K, 2 young (2048K), 2 survivors (2048K)
 Metaspace       used 20398K, capacity 20982K, committed 21248K, reserved 1069056K
  class space    used 2324K, capacity 2542K, committed 2560K, reserved 1048576K
}
Event: 1.642 GC heap before
{Heap before GC invocations=4 (full 0):
 garbage-first heap   total 129024K, used 83442K [0x0000000082800000, 0x0000000100000000)
  region size 1024K, 75 young (76800K), 2 survivors (2048K)
 Metaspace       used 28001K, capacity 28763K, committed 28800K, reserved 1075200K
  class space    used 3382K, capacity 3707K, committed 3712K, reserved 1048576K
}
Event: 1.646 GC heap after
{Heap after GC invocations=5 (full 0):
 garbage-first heap   total 129024K, used 12381K [0x0000000082800000, 0x0000000100000000)
  region size 1024K, 5 young (5120K), 5 survivors (5120K)
 Metaspace       used 28001K, capacity 28763K, committed 28800K, reserved 1075200K
  class space    used 3382K, capacity 3707K, committed 3712K, reserved 1048576K
}
Event: 2.270 GC heap before
{Heap before GC invocations=5 (full 0):
 garbage-first heap   total 129024K, used 84061K [0x0000000082800000, 0x0000000100000000)
  region size 1024K, 75 young (76800K), 5 survivors (5120K)
 Metaspace       used 32134K, capacity 33179K, committed 33408K, reserved 1079296K
  class space    used 4014K, capacity 4464K, committed 4480K, reserved 1048576K
}
Event: 2.278 GC heap after
{Heap after GC invocations=6 (full 0):
 garbage-first heap   total 129024K, used 14890K [0x0000000082800000, 0x0000000100000000)
  region size 1024K, 7 young (7168K), 7 survivors (7168K)
 Metaspace       used 32134K, capacity 33179K, committed 33408K, reserved 1079296K
  class space    used 4014K, capacity 4464K, committed 4480K, reserved 1048576K
}
Event: 2.618 GC heap before
{Heap before GC invocations=6 (full 0):
 garbage-first heap   total 129024K, used 39466K [0x0000000082800000, 0x0000000100000000)
  region size 1024K, 32 young (32768K), 7 survivors (7168K)
 Metaspace       used 34361K, capacity 35440K, committed 35584K, reserved 1079296K
  class space    used 4341K, capacity 4782K, committed 4864K, reserved 1048576K
}
Event: 2.634 GC heap after
{Heap after GC invocations=7 (full 0):
 garbage-first heap   total 155648K, used 16436K [0x0000000082800000, 0x0000000100000000)
  region size 1024K, 7 young (7168K), 7 survivors (7168K)
 Metaspace       used 34361K, capacity 35440K, committed 35584K, reserved 1079296K
  class space    used 4341K, capacity 4782K, committed 4864K, reserved 1048576K
}
Event: 3.282 GC heap before
{Heap before GC invocations=8 (full 0):
 garbage-first heap   total 155648K, used 92212K [0x0000000082800000, 0x0000000100000000)
  region size 1024K, 81 young (82944K), 7 survivors (7168K)
 Metaspace       used 38738K, capacity 40229K, committed 40320K, reserved 1083392K
  class space    used 4916K, capacity 5487K, committed 5504K, reserved 1048576K
}
Event: 3.290 GC heap after
{Heap after GC invocations=9 (full 0):
 garbage-first heap   total 155648K, used 20733K [0x0000000082800000, 0x0000000100000000)
  region size 1024K, 9 young (9216K), 9 survivors (9216K)
 Metaspace       used 38738K, capacity 40229K, committed 40320K, reserved 1083392K
  class space    used 4916K, capacity 5487K, committed 5504K, reserved 1048576K
}
Event: 4.143 GC heap before
{Heap before GC invocations=9 (full 0):
 garbage-first heap   total 155648K, used 99581K [0x0000000082800000, 0x0000000100000000)
  region size 1024K, 86 young (88064K), 9 survivors (9216K)
 Metaspace       used 51875K, capacity 53505K, committed 53632K, reserved 1095680K
  class space    used 6773K, capacity 7437K, committed 7552K, reserved 1048576K
}
Event: 4.151 GC heap after
{Heap after GC invocations=10 (full 0):
 garbage-first heap   total 155648K, used 23973K [0x0000000082800000, 0x0000000100000000)
  region size 1024K, 8 young (8192K), 8 survivors (8192K)
 Metaspace       used 51875K, capacity 53505K, committed 53632K, reserved 1095680K
  class space    used 6773K, capacity 7437K, committed 7552K, reserved 1048576K
}
Event: 5.269 GC heap before
{Heap before GC invocations=10 (full 0):
 garbage-first heap   total 155648K, used 101797K [0x0000000082800000, 0x0000000100000000)
  region size 1024K, 85 young (87040K), 8 survivors (8192K)
 Metaspace       used 57579K, capacity 59527K, committed 59648K, reserved 1099776K
  class space    used 7595K, capacity 8371K, committed 8448K, reserved 1048576K
}
Event: 5.278 GC heap after
{Heap after GC invocations=11 (full 0):
 garbage-first heap   total 155648K, used 28291K [0x0000000082800000, 0x0000000100000000)
  region size 1024K, 8 young (8192K), 8 survivors (8192K)
 Metaspace       used 57579K, capacity 59527K, committed 59648K, reserved 1099776K
  class space    used 7595K, capacity 8371K, committed 8448K, reserved 1048576K
}
Event: 5.920 GC heap before
{Heap before GC invocations=12 (full 0):
 garbage-first heap   total 155648K, used 109187K [0x0000000082800000, 0x0000000100000000)
  region size 1024K, 87 young (89088K), 8 survivors (8192K)
 Metaspace       used 60154K, capacity 62251K, committed 62464K, reserved 1103872K
  class space    used 8034K, capacity 8873K, committed 8960K, reserved 1048576K
}

Deoptimization events (4 events):
Event: 2.032 Thread 0x0000020ffd42d800 DEOPT PACKING pc=0x0000020fe615366c sp=0x000000eb69bfcf50
Event: 2.032 Thread 0x0000020ffd42d800 DEOPT UNPACKING pc=0x0000020fe573a95e sp=0x000000eb69bfc4b8 mode 0
Event: 5.857 Thread 0x0000020ffd42d800 DEOPT PACKING pc=0x0000020fe61023b7 sp=0x000000eb69bfbd80
Event: 5.857 Thread 0x0000020ffd42d800 DEOPT UNPACKING pc=0x0000020fe573a95e sp=0x000000eb69bfb288 mode 3

Classes redefined (0 events):
No events

Internal exceptions (20 events):
Event: 5.893 Thread 0x0000020ffd42d800 Exception <a 'java/lang/ClassNotFoundException'{0x0000000087535da8}: org/springframework/beans/factory/AwareCustomizer> (0x0000000087535da8) thrown at [./src/hotspot/share/classfile/systemDictionary.cpp, line 230]
Event: 5.894 Thread 0x0000020ffd42d800 Exception <a 'java/lang/ClassNotFoundException'{0x000000008754aad8}: org/springframework/core/env/EnvironmentCapableCustomizer> (0x000000008754aad8) thrown at [./src/hotspot/share/classfile/systemDictionary.cpp, line 230]
Event: 5.894 Thread 0x0000020ffd42d800 Exception <a 'java/lang/ClassNotFoundException'{0x0000000087561350}: org/springframework/web/context/ServletContextAwareCustomizer> (0x0000000087561350) thrown at [./src/hotspot/share/classfile/systemDictionary.cpp, line 230]
Event: 5.894 Thread 0x0000020ffd42d800 Exception <a 'java/lang/ClassNotFoundException'{0x0000000087575af0}: org/springframework/beans/factory/AwareCustomizer> (0x0000000087575af0) thrown at [./src/hotspot/share/classfile/systemDictionary.cpp, line 230]
Event: 5.894 Thread 0x0000020ffd42d800 Exception <a 'java/lang/ClassNotFoundException'{0x000000008758b5a0}: org/springframework/beans/factory/InitializingBeanCustomizer> (0x000000008758b5a0) thrown at [./src/hotspot/share/classfile/systemDictionary.cpp, line 230]
Event: 5.894 Thread 0x0000020ffd42d800 Exception <a 'java/lang/ClassNotFoundException'{0x00000000875a1010}: org/springframework/beans/factory/DisposableBeanCustomizer> (0x00000000875a1010) thrown at [./src/hotspot/share/classfile/systemDictionary.cpp, line 230]
Event: 5.897 Thread 0x0000020ffd42d800 Exception <a 'java/lang/ClassNotFoundException'{0x00000000875e2de0}: java/lang/ObjectCustomizer> (0x00000000875e2de0) thrown at [./src/hotspot/share/classfile/systemDictionary.cpp, line 230]
Event: 5.897 Thread 0x0000020ffd42d800 Exception <a 'java/lang/ClassNotFoundException'{0x00000000875fe040}: org/springframework/web/servlet/handler/HandlerMappingIntrospectorCustomizer> (0x00000000875fe040) thrown at [./src/hotspot/share/classfile/systemDictionary.cpp, line 230]
Event: 5.898 Thread 0x0000020ffd42d800 Exception <a 'java/lang/ClassNotFoundException'{0x000000008741aa78}: org/springframework/web/cors/CorsConfigurationSourceCustomizer> (0x000000008741aa78) thrown at [./src/hotspot/share/classfile/systemDictionary.cpp, line 230]
Event: 5.898 Thread 0x0000020ffd42d800 Exception <a 'java/lang/ClassNotFoundException'{0x0000000087430f38}: org/springframework/context/ApplicationContextAwareCustomizer> (0x0000000087430f38) thrown at [./src/hotspot/share/classfile/systemDictionary.cpp, line 230]
Event: 5.898 Thread 0x0000020ffd42d800 Exception <a 'java/lang/ClassNotFoundException'{0x0000000087445bf8}: org/springframework/beans/factory/AwareCustomizer> (0x0000000087445bf8) thrown at [./src/hotspot/share/classfile/systemDictionary.cpp, line 230]
Event: 5.898 Thread 0x0000020ffd42d800 Exception <a 'java/lang/ClassNotFoundException'{0x000000008745b438}: org/springframework/beans/factory/InitializingBeanCustomizer> (0x000000008745b438) thrown at [./src/hotspot/share/classfile/systemDictionary.cpp, line 230]
Event: 5.903 Thread 0x0000020ffd42d800 Exception <a 'java/lang/ClassNotFoundException'{0x00000000874bd100}: java/lang/ObjectCustomizer> (0x00000000874bd100) thrown at [./src/hotspot/share/classfile/systemDictionary.cpp, line 230]
Event: 5.903 Thread 0x0000020ffd42d800 Exception <a 'java/lang/ClassNotFoundException'{0x00000000874d8608}: org/springframework/data/mapping/context/PersistentEntitiesCustomizer> (0x00000000874d8608) thrown at [./src/hotspot/share/classfile/systemDictionary.cpp, line 230]
Event: 5.904 Thread 0x0000020ffd42d800 Exception <a 'java/lang/ClassNotFoundException'{0x0000000087305b80}: org/springframework/data/util/StreamableCustomizer> (0x0000000087305b80) thrown at [./src/hotspot/share/classfile/systemDictionary.cpp, line 230]
Event: 5.904 Thread 0x0000020ffd42d800 Exception <a 'java/lang/ClassNotFoundException'{0x0000000087322120}: java/lang/IterableCustomizer> (0x0000000087322120) thrown at [./src/hotspot/share/classfile/systemDictionary.cpp, line 230]
Event: 5.905 Thread 0x0000020ffd42d800 Exception <a 'java/lang/ClassNotFoundException'{0x0000000087328400}: java/util/function/SupplierCustomizer> (0x0000000087328400) thrown at [./src/hotspot/share/classfile/systemDictionary.cpp, line 230]
Event: 5.912 Thread 0x0000020ffd42d800 Exception <a 'java/lang/ClassNotFoundException'{0x00000000873ed2e0}: java/lang/ObjectCustomizer> (0x00000000873ed2e0) thrown at [./src/hotspot/share/classfile/systemDictionary.cpp, line 230]
Event: 5.913 Thread 0x0000020ffd42d800 Exception <a 'java/lang/ClassNotFoundException'{0x0000000087209f80}: it/revo/dr_kodirov/entity/template/AbsNameEntityCustomizer> (0x0000000087209f80) thrown at [./src/hotspot/share/classfile/systemDictionary.cpp, line 230]
Event: 5.913 Thread 0x0000020ffd42d800 Exception <a 'java/lang/ClassNotFoundException'{0x00000000872283c8}: it/revo/dr_kodirov/entity/WorkingCustomizer> (0x00000000872283c8) thrown at [./src/hotspot/share/classfile/systemDictionary.cpp, line 230]

Events (20 events):
Event: 5.908 loading class org/springframework/data/repository/support/Repositories done
Event: 5.908 loading class org/springframework/data/repository/core/support/RepositoryComposition$RepositoryFragments
Event: 5.908 loading class org/springframework/data/repository/core/support/RepositoryComposition$RepositoryFragments done
Event: 5.912 loading class java/lang/ObjectCustomizer
Event: 5.912 loading class java/lang/ObjectCustomizer done
Event: 5.912 loading class java/lang/ObjectCustomizer
Event: 5.912 loading class java/lang/ObjectCustomizer done
Event: 5.912 loading class it/revo/dr_kodirov/entity/template/AbsNameEntityCustomizer
Event: 5.912 loading class it/revo/dr_kodirov/entity/template/AbsNameEntityCustomizer done
Event: 5.913 loading class it/revo/dr_kodirov/entity/template/AbsNameEntityCustomizer
Event: 5.913 loading class it/revo/dr_kodirov/entity/template/AbsNameEntityCustomizer done
Event: 5.913 loading class it/revo/dr_kodirov/entity/template/AbsNameEntityCustomizer
Event: 5.913 loading class it/revo/dr_kodirov/entity/template/AbsNameEntityCustomizer done
Event: 5.913 loading class it/revo/dr_kodirov/entity/WorkingCustomizer
Event: 5.913 loading class it/revo/dr_kodirov/entity/WorkingCustomizer done
Event: 5.913 loading class it/revo/dr_kodirov/entity/WorkingCustomizer
Event: 5.913 loading class it/revo/dr_kodirov/entity/WorkingCustomizer done
Event: 5.913 loading class it/revo/dr_kodirov/entity/WorkingCustomizer
Event: 5.913 loading class it/revo/dr_kodirov/entity/WorkingCustomizer done
Event: 5.920 Executing VM operation: G1CollectForAllocation


Dynamic libraries:
0x00007ff7e50c0000 - 0x00007ff7e50cd000 	C:\Users\Sayfullobek___\.jdks\corretto-11.0.14\bin\java.exe
0x00007ffce2fe0000 - 0x00007ffce31e9000 	C:\Windows\SYSTEM32\ntdll.dll
0x00007ffce2890000 - 0x00007ffce294d000 	C:\Windows\System32\KERNEL32.DLL
0x00007ffce0af0000 - 0x00007ffce0e6d000 	C:\Windows\System32\KERNELBASE.dll
0x00007ffce08c0000 - 0x00007ffce09d1000 	C:\Windows\System32\ucrtbase.dll
0x00007ffcdc970000 - 0x00007ffcdc987000 	C:\Users\Sayfullobek___\.jdks\corretto-11.0.14\bin\jli.dll
0x00007ffcdc990000 - 0x00007ffcdc9a9000 	C:\Users\Sayfullobek___\.jdks\corretto-11.0.14\bin\VCRUNTIME140.dll
0x00007ffce1c00000 - 0x00007ffce1dad000 	C:\Windows\System32\USER32.dll
0x00007ffcbd4f0000 - 0x00007ffcbd795000 	C:\Windows\WinSxS\amd64_microsoft.windows.common-controls_6595b64144ccf1df_6.0.22000.120_none_9d947278b86cc467\COMCTL32.dll
0x00007ffce0810000 - 0x00007ffce0836000 	C:\Windows\System32\win32u.dll
0x00007ffce1610000 - 0x00007ffce16b3000 	C:\Windows\System32\msvcrt.dll
0x00007ffce2d10000 - 0x00007ffce2d39000 	C:\Windows\System32\GDI32.dll
0x00007ffce06f0000 - 0x00007ffce0808000 	C:\Windows\System32\gdi32full.dll
0x00007ffce09e0000 - 0x00007ffce0a7d000 	C:\Windows\System32\msvcp_win.dll
0x00007ffce27f0000 - 0x00007ffce2821000 	C:\Windows\System32\IMM32.DLL
0x00007ffcd0020000 - 0x00007ffcd00bb000 	C:\Users\Sayfullobek___\.jdks\corretto-11.0.14\bin\msvcp140.dll
0x00007ffc43bc0000 - 0x00007ffc44743000 	C:\Users\Sayfullobek___\.jdks\corretto-11.0.14\bin\server\jvm.dll
0x00007ffce14f0000 - 0x00007ffce159e000 	C:\Windows\System32\ADVAPI32.dll
0x00007ffce1a40000 - 0x00007ffce1ade000 	C:\Windows\System32\sechost.dll
0x00007ffce1ae0000 - 0x00007ffce1c00000 	C:\Windows\System32\RPCRT4.dll
0x00007ffce2a20000 - 0x00007ffce2a28000 	C:\Windows\System32\PSAPI.DLL
0x00007ffcc8770000 - 0x00007ffcc8779000 	C:\Windows\SYSTEM32\WSOCK32.dll
0x00007ffcdaa30000 - 0x00007ffcdaa3a000 	C:\Windows\SYSTEM32\VERSION.dll
0x00007ffce2950000 - 0x00007ffce29bf000 	C:\Windows\System32\WS2_32.dll
0x00007ffcdb280000 - 0x00007ffcdb2b3000 	C:\Windows\SYSTEM32\WINMM.dll
0x00007ffcdf6b0000 - 0x00007ffcdf6c8000 	C:\Windows\SYSTEM32\kernel.appcore.dll
0x00007ffcdcb00000 - 0x00007ffcdcb10000 	C:\Users\Sayfullobek___\.jdks\corretto-11.0.14\bin\verify.dll
0x00007ffcde040000 - 0x00007ffcde261000 	C:\Windows\SYSTEM32\DBGHELP.DLL
0x00007ffcc8730000 - 0x00007ffcc8761000 	C:\Windows\SYSTEM32\dbgcore.DLL
0x00007ffce0840000 - 0x00007ffce08bf000 	C:\Windows\System32\bcryptPrimitives.dll
0x00007ffcdb830000 - 0x00007ffcdb858000 	C:\Users\Sayfullobek___\.jdks\corretto-11.0.14\bin\java.dll
0x00007ffcdca00000 - 0x00007ffcdca0a000 	C:\Users\Sayfullobek___\.jdks\corretto-11.0.14\bin\jimage.dll
0x00007ffcdb820000 - 0x00007ffcdb82e000 	C:\Users\Sayfullobek___\.jdks\corretto-11.0.14\bin\instrument.dll
0x00007ffcdb7c0000 - 0x00007ffcdb7d8000 	C:\Users\Sayfullobek___\.jdks\corretto-11.0.14\bin\zip.dll
0x00007ffce2020000 - 0x00007ffce27d8000 	C:\Windows\System32\SHELL32.dll
0x00007ffcde630000 - 0x00007ffcdee98000 	C:\Windows\SYSTEM32\windows.storage.dll
0x00007ffce16c0000 - 0x00007ffce1a39000 	C:\Windows\System32\combase.dll
0x00007ffcde4c0000 - 0x00007ffcde626000 	C:\Windows\SYSTEM32\wintypes.dll
0x00007ffce1300000 - 0x00007ffce13ea000 	C:\Windows\System32\SHCORE.dll
0x00007ffce1410000 - 0x00007ffce146d000 	C:\Windows\System32\shlwapi.dll
0x00007ffce03f0000 - 0x00007ffce0411000 	C:\Windows\SYSTEM32\profapi.dll
0x00007ffcdb7a0000 - 0x00007ffcdb7b9000 	C:\Users\Sayfullobek___\.jdks\corretto-11.0.14\bin\net.dll
0x00007ffcd9ac0000 - 0x00007ffcd9bcc000 	C:\Windows\SYSTEM32\WINHTTP.dll
0x00007ffcdfae0000 - 0x00007ffcdfb47000 	C:\Windows\system32\mswsock.dll
0x00007ffcdb780000 - 0x00007ffcdb793000 	C:\Users\Sayfullobek___\.jdks\corretto-11.0.14\bin\nio.dll
0x00007ffcd0b30000 - 0x00007ffcd0b4a000 	C:\Program Files\JetBrains\IntelliJ IDEA 2021.1.3\bin\breakgen64.dll
0x00007ffcdf190000 - 0x00007ffcdf278000 	C:\Windows\SYSTEM32\DNSAPI.dll
0x00007ffcdf160000 - 0x00007ffcdf18d000 	C:\Windows\SYSTEM32\IPHLPAPI.DLL
0x00007ffce27e0000 - 0x00007ffce27e9000 	C:\Windows\System32\NSI.dll
0x00007ffcd05f0000 - 0x00007ffcd05fa000 	C:\Windows\System32\rasadhlp.dll
0x00007ffcd8220000 - 0x00007ffcd82a1000 	C:\Windows\System32\fwpuclnt.dll
0x00007ffcdb770000 - 0x00007ffcdb779000 	C:\Users\Sayfullobek___\.jdks\corretto-11.0.14\bin\management.dll
0x00007ffcd0e30000 - 0x00007ffcd0e3b000 	C:\Users\Sayfullobek___\.jdks\corretto-11.0.14\bin\management_ext.dll
0x00007ffcdfd20000 - 0x00007ffcdfd38000 	C:\Windows\SYSTEM32\CRYPTSP.dll
0x00007ffcdf610000 - 0x00007ffcdf645000 	C:\Windows\system32\rsaenh.dll
0x00007ffcdfbd0000 - 0x00007ffcdfbf9000 	C:\Windows\SYSTEM32\USERENV.dll
0x00007ffcdfea0000 - 0x00007ffcdfec7000 	C:\Windows\SYSTEM32\bcrypt.dll
0x00007ffcdfd40000 - 0x00007ffcdfd4c000 	C:\Windows\SYSTEM32\CRYPTBASE.dll
0x00007ffcd9eb0000 - 0x00007ffcd9ec9000 	C:\Windows\SYSTEM32\dhcpcsvc6.DLL
0x00007ffcda750000 - 0x00007ffcda76e000 	C:\Windows\SYSTEM32\dhcpcsvc.DLL
0x00007ffcda780000 - 0x00007ffcda797000 	C:\Windows\system32\napinsp.dll
0x00007ffcd09a0000 - 0x00007ffcd09bb000 	C:\Windows\system32\pnrpnsp.dll
0x00007ffccd4c0000 - 0x00007ffccd4d2000 	C:\Windows\System32\winrnr.dll
0x00007ffcb4da0000 - 0x00007ffcb4db5000 	C:\Windows\system32\wshbth.dll
0x00007ffcda7a0000 - 0x00007ffcda7bf000 	C:\Windows\system32\nlansp_c.dll
0x00007ffcd0ce0000 - 0x00007ffcd0cee000 	C:\Users\Sayfullobek___\.jdks\corretto-11.0.14\bin\sunmscapi.dll
0x00007ffce0580000 - 0x00007ffce06e2000 	C:\Windows\System32\CRYPT32.dll
0x00007ffcdfe70000 - 0x00007ffcdfe98000 	C:\Windows\SYSTEM32\ncrypt.dll
0x00007ffcdfe30000 - 0x00007ffcdfe67000 	C:\Windows\SYSTEM32\NTASN1.dll
0x00007ffcd0b00000 - 0x00007ffcd0b25000 	C:\Users\Sayfullobek___\.jdks\corretto-11.0.14\bin\sunec.dll

dbghelp: loaded successfully - version: 4.0.5 - missing functions: none
symbol engine: initialized successfully - sym options: 0x614 - pdb path: .;C:\Users\Sayfullobek___\.jdks\corretto-11.0.14\bin;C:\Windows\SYSTEM32;C:\Windows\WinSxS\amd64_microsoft.windows.common-controls_6595b64144ccf1df_6.0.22000.120_none_9d947278b86cc467;C:\Users\Sayfullobek___\.jdks\corretto-11.0.14\bin\server;C:\Program Files\JetBrains\IntelliJ IDEA 2021.1.3\bin

VM Arguments:
jvm_args: -XX:TieredStopAtLevel=1 -Xverify:none -Dspring.output.ansi.enabled=always -javaagent:C:\Program Files\JetBrains\IntelliJ IDEA 2021.1.3\lib\idea_rt.jar=64717:C:\Program Files\JetBrains\IntelliJ IDEA 2021.1.3\bin -Dcom.sun.management.jmxremote -Dspring.jmx.enabled=true -Dspring.liveBeansView.mbeanDomain -Dspring.application.admin.enabled=true -Dfile.encoding=UTF-8 
java_command: it.revo.dr_kodirov.DrKodirovApplication
java_class_path (initial): D:\java\Team Projects\Dr.Kodirov.Plastik.Jarroh\Dr_Kodirov\target\classes;C:\Users\Sayfullobek___\.m2\repository\org\springframework\boot\spring-boot-starter-data-jpa\2.7.3\spring-boot-starter-data-jpa-2.7.3.jar;C:\Users\Sayfullobek___\.m2\repository\org\springframework\boot\spring-boot-starter-aop\2.7.3\spring-boot-starter-aop-2.7.3.jar;C:\Users\Sayfullobek___\.m2\repository\org\aspectj\aspectjweaver\1.9.7\aspectjweaver-1.9.7.jar;C:\Users\Sayfullobek___\.m2\repository\org\springframework\boot\spring-boot-starter-jdbc\2.7.3\spring-boot-starter-jdbc-2.7.3.jar;C:\Users\Sayfullobek___\.m2\repository\com\zaxxer\HikariCP\4.0.3\HikariCP-4.0.3.jar;C:\Users\Sayfullobek___\.m2\repository\org\springframework\spring-jdbc\5.3.22\spring-jdbc-5.3.22.jar;C:\Users\Sayfullobek___\.m2\repository\jakarta\transaction\jakarta.transaction-api\1.3.3\jakarta.transaction-api-1.3.3.jar;C:\Users\Sayfullobek___\.m2\repository\jakarta\persistence\jakarta.persistence-api\2.2.3\jakarta.persistence-api-2.2.3.jar;C:\Users\Sayfullobek___\.m2\repository\org\hibernate\hibernate-core\5.6.10.Final\hibernate-core-5.6.10.Final.jar;C:\Users\Sayfullobek___\.m2\repository\org\jboss\logging\jboss-logging\3.4.3.Final\jboss-logging-3.4.3.Final.jar;C:\Users\Sayfullobek___\.m2\repository\net\bytebuddy\byte-buddy\1.12.13\byte-buddy-1.12.13.jar;C:\Users\Sayfullobek___\.m2\repository\antlr\antlr\2.7.7\antlr-2.7.7.jar;C:\Users\Sayfullobek___\.m2\repository\org\jboss\jandex\2.4.2.Final\jandex-2.4.2.Final.jar;C:\Users\Sayfullobek___\.m2\repository\com\fasterxml\classmate\1.5.1\classmate-1.5.1.jar;C:\Users\Sayfullobek___\.m2\repository\org\hibernate\common\hibernate-commons-annotations\5.1.2.Final\hibernate-commons-annotations-5.1.2.Final.jar;C:\Users\Sayfullobek___\.m2\repository\org\glassfish\jaxb\jaxb-runtime\2.3.6\jaxb-runtime-2.3.6.jar;C:\Users\Sayfullobek___\.m2\repository\org\glassfish\jaxb\txw2\2.3.6\txw2-2.3.6.jar;C:\Users\Sayfullobek___\.m2\repository\com\sun\istack\istack-commons-
Launcher Type: SUN_STANDARD

[Global flags]
     bool BytecodeVerificationLocal                = false                                     {product} {command line}
     bool BytecodeVerificationRemote               = false                                     {product} {command line}
     intx CICompilerCount                          = 4                                         {product} {ergonomic}
     uint ConcGCThreads                            = 2                                         {product} {ergonomic}
     uint G1ConcRefinementThreads                  = 8                                         {product} {ergonomic}
   size_t G1HeapRegionSize                         = 1048576                                   {product} {ergonomic}
    uintx GCDrainStackTargetSize                   = 64                                        {product} {ergonomic}
   size_t InitialHeapSize                          = 132120576                                 {product} {ergonomic}
     bool ManagementServer                         = true                                      {product} {command line}
   size_t MarkStackSize                            = 4194304                                   {product} {ergonomic}
   size_t MaxHeapSize                              = 2105540608                                {product} {ergonomic}
   size_t MaxNewSize                               = 1262485504                                {product} {ergonomic}
   size_t MinHeapDeltaBytes                        = 1048576                                   {product} {ergonomic}
    uintx NonNMethodCodeHeapSize                   = 7549744                                {pd product} {ergonomic}
    uintx NonProfiledCodeHeapSize                  = 244108496                              {pd product} {ergonomic}
    uintx ProfiledCodeHeapSize                     = 0                                      {pd product} {ergonomic}
    uintx ReservedCodeCacheSize                    = 251658240                              {pd product} {ergonomic}
     bool SegmentedCodeCache                       = true                                      {product} {ergonomic}
     intx TieredStopAtLevel                        = 1                                         {product} {command line}
     bool UseCompressedClassPointers               = true                                 {lp64_product} {ergonomic}
     bool UseCompressedOops                        = true                                 {lp64_product} {ergonomic}
     bool UseG1GC                                  = true                                      {product} {ergonomic}
     bool UseLargePagesIndividualAllocation        = false                                  {pd product} {ergonomic}

Logging:
Log output configuration:
 #0: stdout all=warning uptime,level,tags
 #1: stderr all=off uptime,level,tags

Environment Variables:
PATH=C:\Program Files (x86)\Common Files\Oracle\Java\javapath;C:\Windows\system32;C:\Windows;C:\Windows\System32\Wbem;C:\Windows\System32\WindowsPowerShell\v1.0\;C:\Windows\System32\OpenSSH\;C:\Program Files\nodejs\;C:\Program Files\Git\cmd;C:\Program Files (x86)\Borland\Delphi7\Bin;C:\Program Files (x86)\Borland\Delphi7\Projects\Bpl;C:\Users\Sayfullobek___\AppData\Local\Programs\Python\Python39\Scripts\;C:\Users\Sayfullobek___\AppData\Local\Programs\Python\Python39\;C:\Users\Sayfullobek___\AppData\Local\Programs\Python\Python310\Scripts\;C:\Users\Sayfullobek___\AppData\Local\Programs\Python\Python310\;C:\Users\Sayfullobek___\AppData\Local\Microsoft\WindowsApps;C:\Users\Sayfullobek___\AppData\Local\Programs\Microsoft VS Code\bin;C:\Users\Sayfullobek___\AppData\Roaming\npm;C:\Program Files\JetBrains\PyCharm 2021.2.2\bin;;C:\Program Files\JetBrains\PyCharm Community Edition 2022.1\bin;;C:\Program Files\JetBrains\IntelliJ IDEA 2021.1.3\bin;
USERNAME=Sayfullobek___
OS=Windows_NT
PROCESSOR_IDENTIFIER=Intel64 Family 6 Model 142 Stepping 12, GenuineIntel



---------------  S Y S T E M  ---------------

OS: Windows 11 , 64 bit Build 22000 (10.0.22000.708)
OS uptime: 1 days 1:50 hours

CPU:total 8 (initial active 8) (4 cores per cpu, 2 threads per core) family 6 model 142 stepping 12 microcode 0xde, cmov, cx8, fxsr, mmx, sse, sse2, sse3, ssse3, sse4.1, sse4.2, popcnt, avx, avx2, aes, clmul, erms, 3dnowpref, lzcnt, ht, tsc, tscinvbit, bmi1, bmi2, adx, fma

Memory: 4k page, system-wide physical 8025M (263M free)
TotalPageFile size 14663M (AvailPageFile size 9M)
current process WorkingSet (physical memory assigned to process): 257M, peak: 257M
current process commit charge ("private bytes"): 323M, peak: 354M

vm_info: OpenJDK 64-Bit Server VM (11.0.14+9-LTS) for windows-amd64 JRE (11.0.14+9-LTS), built on Jan 15 2022 01:18:46 by "Administrator" with unknown MS VC++:1916

END.
